CRITICAL - 2025-06-09 14:14:35 --> CodeIgniter\View\Exceptions\ViewException: Invalid file: "home/.php"
[Method: GET, Route: /]
in SYSTEMPATH\Exceptions\FrameworkException.php on line 39.
 1 SYSTEMPATH\View\View.php(212): CodeIgniter\Exceptions\FrameworkException::forInvalidFile('home/.php')
 2 SYSTEMPATH\Common.php(1173): CodeIgniter\View\View->render('home/', [], true)
 3 APPPATH\Controllers\Home.php(9): view('home/')
 4 SYSTEMPATH\CodeIgniter.php(933): App\Controllers\Home->getIndex()
 5 SYSTEMPATH\CodeIgniter.php(507): CodeIgniter\CodeIgniter->runController(Object(App\Controllers\Home))
 6 SYSTEMPATH\CodeIgniter.php(354): CodeIgniter\CodeIgniter->handleRequest(null, Object(Config\Cache), false)
 7 SYSTEMPATH\Boot.php(334): CodeIgniter\CodeIgniter->run()
 8 SYSTEMPATH\Boot.php(67): CodeIgniter\Boot::runCodeIgniter(Object(CodeIgniter\CodeIgniter))
 9 FCPATH\index.php(56): CodeIgniter\Boot::bootWeb(Object(Config\Paths))
10 SYSTEMPATH\rewrite.php(44): require_once('C:\\laragon\\www\\IMK_UTS_AQ\\public\\index.php')
CRITICAL - 2025-06-09 14:27:29 --> CodeIgniter\View\Exceptions\ViewException: Invalid file: "Home/Layouts/Template.php"
[Method: GET, Route: /]
in SYSTEMPATH\Exceptions\FrameworkException.php on line 39.
 1 SYSTEMPATH\View\View.php(212): CodeIgniter\Exceptions\FrameworkException::forInvalidFile('Home/Layouts/Template.php')
 2 SYSTEMPATH\View\View.php(240): CodeIgniter\View\View->render('Home/Layouts/Template', [], true)
 3 SYSTEMPATH\Common.php(1173): CodeIgniter\View\View->render('home/pages/Home_v', [], true)
 4 APPPATH\Controllers\Home.php(12): view('home/pages/Home_v', [...])
 5 SYSTEMPATH\CodeIgniter.php(933): App\Controllers\Home->getIndex()
 6 SYSTEMPATH\CodeIgniter.php(507): CodeIgniter\CodeIgniter->runController(Object(App\Controllers\Home))
 7 SYSTEMPATH\CodeIgniter.php(354): CodeIgniter\CodeIgniter->handleRequest(null, Object(Config\Cache), false)
 8 SYSTEMPATH\Boot.php(334): CodeIgniter\CodeIgniter->run()
 9 SYSTEMPATH\Boot.php(67): CodeIgniter\Boot::runCodeIgniter(Object(CodeIgniter\CodeIgniter))
10 FCPATH\index.php(56): CodeIgniter\Boot::bootWeb(Object(Config\Paths))
11 SYSTEMPATH\rewrite.php(44): require_once('C:\\laragon\\www\\IMK_UTS_AQ\\public\\index.php')
